<?xml version="1.0" encoding="UTF-8"?>
<testng-results ignored="0" total="1" passed="1" failed="0" skipped="0">
  <reporter-output>
  </reporter-output>
  <suite started-at="2023-06-22T12:29:52 IST" name="Default suite" finished-at="2023-06-22T12:31:09 IST" duration-ms="76821">
    <groups>
    </groups>
    <test started-at="2023-06-22T12:29:52 IST" name="Default test" finished-at="2023-06-22T12:31:09 IST" duration-ms="76821">
      <class name="com.onlineshoppingtestscript.OnlineShoppingTestScript">
        <test-method is-config="true" signature="openApp()[pri:0, instance:com.onlineshoppingtestscript.OnlineShoppingTestScript@156b88f5]" started-at="2023-06-22T12:29:52 IST" name="openApp" finished-at="2023-06-22T12:30:15 IST" duration-ms="22665" status="PASS">
          <reporter-output>
          </reporter-output>
        </test-method> <!-- openApp -->
        <test-method signature="allmethods()[pri:0, instance:com.onlineshoppingtestscript.OnlineShoppingTestScript@156b88f5]" started-at="2023-06-22T12:30:15 IST" name="allmethods" finished-at="2023-06-22T12:31:09 IST" duration-ms="54109" status="PASS">
          <reporter-output>
          </reporter-output>
        </test-method> <!-- allmethods -->
      </class> <!-- com.onlineshoppingtestscript.OnlineShoppingTestScript -->
    </test> <!-- Default test -->
  </suite> <!-- Default suite -->
</testng-results>
